0 info it worked if it ends with ok
1 verbose cli [ '/home/greg/.nvm/versions/node/v6.2.1/bin/node',
1 verbose cli   '/home/greg/.nvm/versions/node/v6.2.1/bin/npm',
1 verbose cli   'install',
1 verbose cli   '--save',
1 verbose cli   'preact-toolbox' ]
2 info using npm@3.9.3
3 info using node@v6.2.1
4 silly loadCurrentTree Starting
5 silly install loadCurrentTree
6 silly install readLocalPackageData
7 silly fetchPackageMetaData preact-toolbox
8 silly fetchNamedPackageData preact-toolbox
9 silly mapToRegistry name preact-toolbox
10 silly mapToRegistry using default registry
11 silly mapToRegistry registry https://registry.npmjs.org/
12 silly mapToRegistry data Result {
12 silly mapToRegistry   raw: 'preact-toolbox',
12 silly mapToRegistry   scope: null,
12 silly mapToRegistry   name: 'preact-toolbox',
12 silly mapToRegistry   rawSpec: '',
12 silly mapToRegistry   spec: 'latest',
12 silly mapToRegistry   type: 'tag' }
13 silly mapToRegistry uri https://registry.npmjs.org/preact-toolbox
14 verbose request uri https://registry.npmjs.org/preact-toolbox
15 verbose request no auth needed
16 info attempt registry request try #1 at 4:17:50 PM
17 verbose request using bearer token for auth
18 verbose request id 43285a8831fb7a99
19 http request GET https://registry.npmjs.org/preact-toolbox
20 http 404 https://registry.npmjs.org/preact-toolbox
21 verbose headers { 'content-type': 'application/json',
21 verbose headers   'cache-control': 'max-age=0',
21 verbose headers   'content-length': '2',
21 verbose headers   'accept-ranges': 'bytes',
21 verbose headers   date: 'Fri, 17 Jun 2016 15:17:51 GMT',
21 verbose headers   via: '1.1 varnish',
21 verbose headers   connection: 'keep-alive',
21 verbose headers   'x-served-by': 'cache-ams4130-AMS',
21 verbose headers   'x-cache': 'MISS',
21 verbose headers   'x-cache-hits': '0',
21 verbose headers   'x-timer': 'S1466176671.241650,VS0,VE101',
21 verbose headers   vary: 'Accept-Encoding' }
22 silly get cb [ 404,
22 silly get   { 'content-type': 'application/json',
22 silly get     'cache-control': 'max-age=0',
22 silly get     'content-length': '2',
22 silly get     'accept-ranges': 'bytes',
22 silly get     date: 'Fri, 17 Jun 2016 15:17:51 GMT',
22 silly get     via: '1.1 varnish',
22 silly get     connection: 'keep-alive',
22 silly get     'x-served-by': 'cache-ams4130-AMS',
22 silly get     'x-cache': 'MISS',
22 silly get     'x-cache-hits': '0',
22 silly get     'x-timer': 'S1466176671.241650,VS0,VE101',
22 silly get     vary: 'Accept-Encoding' } ]
23 silly fetchPackageMetaData Error: Registry returned 404 for GET on https://registry.npmjs.org/preact-toolbox
23 silly fetchPackageMetaData     at makeError (/home/greg/.nvm/versions/node/v6.2.1/lib/node_modules/npm/node_modules/npm-registry-client/lib/request.js:264:12)
23 silly fetchPackageMetaData     at CachingRegistryClient.<anonymous> (/home/greg/.nvm/versions/node/v6.2.1/lib/node_modules/npm/node_modules/npm-registry-client/lib/request.js:242:14)
23 silly fetchPackageMetaData     at Request._callback (/home/greg/.nvm/versions/node/v6.2.1/lib/node_modules/npm/node_modules/npm-registry-client/lib/request.js:172:14)
23 silly fetchPackageMetaData     at Request.self.callback (/home/greg/.nvm/versions/node/v6.2.1/lib/node_modules/npm/node_modules/request/request.js:200:22)
23 silly fetchPackageMetaData     at emitTwo (events.js:106:13)
23 silly fetchPackageMetaData     at Request.emit (events.js:191:7)
23 silly fetchPackageMetaData     at Request.<anonymous> (/home/greg/.nvm/versions/node/v6.2.1/lib/node_modules/npm/node_modules/request/request.js:1067:10)
23 silly fetchPackageMetaData     at emitOne (events.js:101:20)
23 silly fetchPackageMetaData     at Request.emit (events.js:188:7)
23 silly fetchPackageMetaData     at IncomingMessage.<anonymous> (/home/greg/.nvm/versions/node/v6.2.1/lib/node_modules/npm/node_modules/request/request.js:988:12)
23 silly fetchPackageMetaData  error for preact-toolbox { Error: Registry returned 404 for GET on https://registry.npmjs.org/preact-toolbox
23 silly fetchPackageMetaData     at makeError (/home/greg/.nvm/versions/node/v6.2.1/lib/node_modules/npm/node_modules/npm-registry-client/lib/request.js:264:12)
23 silly fetchPackageMetaData     at CachingRegistryClient.<anonymous> (/home/greg/.nvm/versions/node/v6.2.1/lib/node_modules/npm/node_modules/npm-registry-client/lib/request.js:242:14)
23 silly fetchPackageMetaData     at Request._callback (/home/greg/.nvm/versions/node/v6.2.1/lib/node_modules/npm/node_modules/npm-registry-client/lib/request.js:172:14)
23 silly fetchPackageMetaData     at Request.self.callback (/home/greg/.nvm/versions/node/v6.2.1/lib/node_modules/npm/node_modules/request/request.js:200:22)
23 silly fetchPackageMetaData     at emitTwo (events.js:106:13)
23 silly fetchPackageMetaData     at Request.emit (events.js:191:7)
23 silly fetchPackageMetaData     at Request.<anonymous> (/home/greg/.nvm/versions/node/v6.2.1/lib/node_modules/npm/node_modules/request/request.js:1067:10)
23 silly fetchPackageMetaData     at emitOne (events.js:101:20)
23 silly fetchPackageMetaData     at Request.emit (events.js:188:7)
23 silly fetchPackageMetaData     at IncomingMessage.<anonymous> (/home/greg/.nvm/versions/node/v6.2.1/lib/node_modules/npm/node_modules/request/request.js:988:12) pkgid: 'preact-toolbox', statusCode: 404, code: 'E404' }
24 silly rollbackFailedOptional Starting
25 silly rollbackFailedOptional Finishing
26 silly runTopLevelLifecycles Starting
27 silly runTopLevelLifecycles Finishing
28 silly install printInstalled
29 verbose stack Error: Registry returned 404 for GET on https://registry.npmjs.org/preact-toolbox
29 verbose stack     at makeError (/home/greg/.nvm/versions/node/v6.2.1/lib/node_modules/npm/node_modules/npm-registry-client/lib/request.js:264:12)
29 verbose stack     at CachingRegistryClient.<anonymous> (/home/greg/.nvm/versions/node/v6.2.1/lib/node_modules/npm/node_modules/npm-registry-client/lib/request.js:242:14)
29 verbose stack     at Request._callback (/home/greg/.nvm/versions/node/v6.2.1/lib/node_modules/npm/node_modules/npm-registry-client/lib/request.js:172:14)
29 verbose stack     at Request.self.callback (/home/greg/.nvm/versions/node/v6.2.1/lib/node_modules/npm/node_modules/request/request.js:200:22)
29 verbose stack     at emitTwo (events.js:106:13)
29 verbose stack     at Request.emit (events.js:191:7)
29 verbose stack     at Request.<anonymous> (/home/greg/.nvm/versions/node/v6.2.1/lib/node_modules/npm/node_modules/request/request.js:1067:10)
29 verbose stack     at emitOne (events.js:101:20)
29 verbose stack     at Request.emit (events.js:188:7)
29 verbose stack     at IncomingMessage.<anonymous> (/home/greg/.nvm/versions/node/v6.2.1/lib/node_modules/npm/node_modules/request/request.js:988:12)
30 verbose statusCode 404
31 verbose pkgid preact-toolbox
32 verbose cwd /home/greg/dev/gregjs/blog/themes/gregjs-theme
33 error Linux 4.6.2-1-ARCH
34 error argv "/home/greg/.nvm/versions/node/v6.2.1/bin/node" "/home/greg/.nvm/versions/node/v6.2.1/bin/npm" "install" "--save" "preact-toolbox"
35 error node v6.2.1
36 error npm  v3.9.3
37 error code E404
38 error 404 Registry returned 404 for GET on https://registry.npmjs.org/preact-toolbox
39 error 404
40 error 404 'preact-toolbox' is not in the npm registry.
41 error 404 You should bug the author to publish it (or use the name yourself!)
42 error 404 Note that you can also install from a
43 error 404 tarball, folder, http url, or git url.
44 verbose exit [ 1, true ]
